c:\users\ryuzi\desktop\hal名古屋3年\gm31\08_samplemissile\dx11game\x64\release\vc142.pdb
c:\users\ryuzi\desktop\hal名古屋3年\gm31\08_samplemissile\dx11game\x64\release\sound.obj
c:\users\ryuzi\desktop\hal名古屋3年\gm31\08_samplemissile\dx11game\x64\release\shader.obj
c:\users\ryuzi\desktop\hal名古屋3年\gm31\08_samplemissile\dx11game\x64\release\scene.obj
c:\users\ryuzi\desktop\hal名古屋3年\gm31\08_samplemissile\dx11game\x64\release\polygon.obj
c:\users\ryuzi\desktop\hal名古屋3年\gm31\08_samplemissile\dx11game\x64\release\player.obj
c:\users\ryuzi\desktop\hal名古屋3年\gm31\08_samplemissile\dx11game\x64\release\model.obj
c:\users\ryuzi\desktop\hal名古屋3年\gm31\08_samplemissile\dx11game\x64\release\missile.obj
c:\users\ryuzi\desktop\hal名古屋3年\gm31\08_samplemissile\dx11game\x64\release\mesh.obj
c:\users\ryuzi\desktop\hal名古屋3年\gm31\08_samplemissile\dx11game\x64\release\main.obj
c:\users\ryuzi\desktop\hal名古屋3年\gm31\08_samplemissile\dx11game\x64\release\light.obj
c:\users\ryuzi\desktop\hal名古屋3年\gm31\08_samplemissile\dx11game\x64\release\input.obj
c:\users\ryuzi\desktop\hal名古屋3年\gm31\08_samplemissile\dx11game\x64\release\gameobj.obj
c:\users\ryuzi\desktop\hal名古屋3年\gm31\08_samplemissile\dx11game\x64\release\game.obj
c:\users\ryuzi\desktop\hal名古屋3年\gm31\08_samplemissile\dx11game\x64\release\fade.obj
c:\users\ryuzi\desktop\hal名古屋3年\gm31\08_samplemissile\dx11game\x64\release\explosion.obj
c:\users\ryuzi\desktop\hal名古屋3年\gm31\08_samplemissile\dx11game\x64\release\enemy.obj
c:\users\ryuzi\desktop\hal名古屋3年\gm31\08_samplemissile\dx11game\x64\release\debugproc.obj
c:\users\ryuzi\desktop\hal名古屋3年\gm31\08_samplemissile\dx11game\x64\release\camera.obj
c:\users\ryuzi\desktop\hal名古屋3年\gm31\08_samplemissile\dx11game\x64\release\box.obj
c:\users\ryuzi\desktop\hal名古屋3年\gm31\08_samplemissile\dx11game\x64\release\assimpmodel.obj
c:\users\ryuzi\desktop\hal名古屋3年\gm31\08_samplemissile\dx11game\x64\release\title.obj
c:\users\ryuzi\desktop\hal名古屋3年\gm31\08_samplemissile\dx11game\x64\release\texture.obj
c:\users\ryuzi\desktop\hal名古屋3年\gm31\08_samplemissile\dx11game\x64\release\sphere.obj
c:\users\ryuzi\desktop\hal名古屋3年\gm31\08_samplemissile\dx11game\x64\release\tutorial.obj
c:\users\ryuzi\desktop\hal名古屋3年\gm31\08_samplemissile\dx11game\x64\release\result.obj
c:\users\ryuzi\desktop\hal名古屋3年\gm31\08_samplemissile\dx11game\dx11game.lib
c:\users\ryuzi\desktop\hal名古屋3年\gm31\08_samplemissile\dx11game\dx11game.exp
c:\users\ryuzi\desktop\hal名古屋3年\gm31\08_samplemissile\dx11game\data\shader\assimppixel.cso
c:\users\ryuzi\desktop\hal名古屋3年\gm31\08_samplemissile\dx11game\data\shader\assimpvertex.cso
c:\users\ryuzi\desktop\hal名古屋3年\gm31\08_samplemissile\dx11game\data\shader\exppixel.cso
c:\users\ryuzi\desktop\hal名古屋3年\gm31\08_samplemissile\dx11game\data\shader\expvertex.cso
c:\users\ryuzi\desktop\hal名古屋3年\gm31\08_samplemissile\dx11game\data\shader\pixel.cso
c:\users\ryuzi\desktop\hal名古屋3年\gm31\08_samplemissile\dx11game\data\shader\pixel2d.cso
c:\users\ryuzi\desktop\hal名古屋3年\gm31\08_samplemissile\dx11game\data\shader\vertex.cso
c:\users\ryuzi\desktop\hal名古屋3年\gm31\08_samplemissile\dx11game\data\shader\vertex2d.cso
c:\users\ryuzi\desktop\hal名古屋3年\gm31\08_samplemissile\dx11game\dx11game.exe
c:\users\ryuzi\desktop\hal名古屋3年\gm31\08_samplemissile\dx11game\x64\release\dx11game.ipdb
c:\users\ryuzi\desktop\hal名古屋3年\gm31\08_samplemissile\dx11game\x64\release\dx11game.iobj
c:\users\ryuzi\desktop\hal名古屋3年\gm31\08_samplemissile\dx11game\x64\release\dx11game.res
c:\users\ryuzi\desktop\hal名古屋3年\gm31\08_samplemissile\dx11game\x64\release\dx11game.tlog\cl.command.1.tlog
c:\users\ryuzi\desktop\hal名古屋3年\gm31\08_samplemissile\dx11game\x64\release\dx11game.tlog\cl.read.1.tlog
c:\users\ryuzi\desktop\hal名古屋3年\gm31\08_samplemissile\dx11game\x64\release\dx11game.tlog\cl.write.1.tlog
c:\users\ryuzi\desktop\hal名古屋3年\gm31\08_samplemissile\dx11game\x64\release\dx11game.tlog\dx11game.write.1u.tlog
c:\users\ryuzi\desktop\hal名古屋3年\gm31\08_samplemissile\dx11game\x64\release\dx11game.tlog\fxc.command.1.tlog
c:\users\ryuzi\desktop\hal名古屋3年\gm31\08_samplemissile\dx11game\x64\release\dx11game.tlog\fxc.read.1.tlog
c:\users\ryuzi\desktop\hal名古屋3年\gm31\08_samplemissile\dx11game\x64\release\dx11game.tlog\fxc.write.1.tlog
c:\users\ryuzi\desktop\hal名古屋3年\gm31\08_samplemissile\dx11game\x64\release\dx11game.tlog\link.command.1.tlog
c:\users\ryuzi\desktop\hal名古屋3年\gm31\08_samplemissile\dx11game\x64\release\dx11game.tlog\link.read.1.tlog
c:\users\ryuzi\desktop\hal名古屋3年\gm31\08_samplemissile\dx11game\x64\release\dx11game.tlog\link.write.1.tlog
c:\users\ryuzi\desktop\hal名古屋3年\gm31\08_samplemissile\dx11game\x64\release\dx11game.tlog\rc.command.1.tlog
c:\users\ryuzi\desktop\hal名古屋3年\gm31\08_samplemissile\dx11game\x64\release\dx11game.tlog\rc.read.1.tlog
c:\users\ryuzi\desktop\hal名古屋3年\gm31\08_samplemissile\dx11game\x64\release\dx11game.tlog\rc.write.1.tlog
