  compilation object save succeeded; see C:\Users\ryuzi\Desktop\HAL名古屋3年\GM31\08_sampleMissile\DX11Game\data\shader\AssimpPixel.cso
  compilation object save succeeded; see C:\Users\ryuzi\Desktop\HAL名古屋3年\GM31\08_sampleMissile\DX11Game\data\shader\AssimpVertex.cso
  compilation object save succeeded; see C:\Users\ryuzi\Desktop\HAL名古屋3年\GM31\08_sampleMissile\DX11Game\data\shader\ExpPixel.cso
  compilation object save succeeded; see C:\Users\ryuzi\Desktop\HAL名古屋3年\GM31\08_sampleMissile\DX11Game\data\shader\ExpVertex.cso
  compilation object save succeeded; see C:\Users\ryuzi\Desktop\HAL名古屋3年\GM31\08_sampleMissile\DX11Game\data\shader\Pixel.cso
  compilation object save succeeded; see C:\Users\ryuzi\Desktop\HAL名古屋3年\GM31\08_sampleMissile\DX11Game\data\shader\Pixel2D.cso
  compilation object save succeeded; see C:\Users\ryuzi\Desktop\HAL名古屋3年\GM31\08_sampleMissile\DX11Game\data\shader\Vertex.cso
  compilation object save succeeded; see C:\Users\ryuzi\Desktop\HAL名古屋3年\GM31\08_sampleMissile\DX11Game\data\shader\Vertex2D.cso
  AssimpModel.cpp
  Box.cpp
  Camera.cpp
  DebugProc.cpp
  Enemy.cpp
  Explosion.cpp
  Fade.cpp
  Game.cpp
  GameObj.cpp
  Input.cpp
  Light.cpp
  main.cpp
  Mesh.cpp
  Missile.cpp
  Model.cpp
  Player.cpp
  Polygon.cpp
  Result.cpp
  Scene.cpp
  Shader.cpp
  コンパイル中...
  Sound.cpp
  Sphere.cpp
  Texture.cpp
  Title.cpp
  Tutorial.cpp
     ライブラリ C:\Users\ryuzi\Desktop\HAL名古屋3年\GM31\08_sampleMissile\DX11Game\DX11Game.lib とオブジェクト C:\Users\ryuzi\Desktop\HAL名古屋3年\GM31\08_sampleMissile\DX11Game\DX11Game.exp を作成中
  コード生成しています。
  Previous IPDB not found, fall back to full compilation.
  All 1257 functions were compiled because no usable IPDB/IOBJ from previous compilation was found.
  コード生成が終了しました。
  DX11Game.vcxproj -> C:\Users\ryuzi\Desktop\HAL名古屋3年\GM31\08_sampleMissile\DX11Game\DX11Game.exe
